# JRE version: OpenJDK Runtime Environment (8.0_212-b01) (build 1.8.0_212-b01)
# Java VM: OpenJDK 64-Bit Server VM (25.212-b01 mixed mode linux-amd64 compressed oops)
Heap:
 PSYoungGen      total 308736K, used 7575K [0x000000076db00000, 0x0000000783c00000, 0x00000007c0000000)
  eden space 256000K, 0% used [0x000000076db00000,0x000000076db00000,0x000000077d500000)
  from space 52736K, 14% used [0x000000077d500000,0x000000077dc65df0,0x0000000780880000)
  to   space 52224K, 0% used [0x0000000780900000,0x0000000780900000,0x0000000783c00000)
 ParOldGen       total 169472K, used 86321K [0x00000006c9000000, 0x00000006d3580000, 0x000000076db00000)
  object space 169472K, 50% used [0x00000006c9000000,0x00000006ce44c550,0x00000006d3580000)
 Metaspace       used 17769K, capacity 18016K, committed 18176K, reserved 1064960K
  class space    used 1934K, capacity 2010K, committed 2048K, reserved 1048576K
GC Heap History (10 events):
Event: 3.586 GC heap after
Heap after GC invocations=2 (full 0):
 PSYoungGen      total 74240K, used 10236K [0x000000076db00000, 0x0000000776c00000, 0x00000007c0000000)
  eden space 64000K, 0% used [0x000000076db00000,0x000000076db00000,0x0000000771980000)
  from space 10240K, 99% used [0x0000000772380000,0x0000000772d7f1e8,0x0000000772d80000)
  to   space 10240K, 0% used [0x0000000771980000,0x0000000771980000,0x0000000772380000)
 ParOldGen       total 169472K, used 23952K [0x00000006c9000000, 0x00000006d3580000, 0x000000076db00000)
  object space 169472K, 14% used [0x00000006c9000000,0x00000006ca764368,0x00000006d3580000)
 Metaspace       used 17189K, capacity 17408K, committed 17664K, reserved 1064960K
  class space    used 1903K, capacity 1978K, committed 2048K, reserved 1048576K
}
Event: 3.990 GC heap before
{Heap before GC invocations=3 (full 0):
 PSYoungGen      total 74240K, used 67958K [0x000000076db00000, 0x0000000776c00000, 0x00000007c0000000)
  eden space 64000K, 90% used [0x000000076db00000,0x000000077135e718,0x0000000771980000)
  from space 10240K, 99% used [0x0000000772380000,0x0000000772d7f1e8,0x0000000772d80000)
  to   space 10240K, 0% used [0x0000000771980000,0x0000000771980000,0x0000000772380000)
 ParOldGen       total 169472K, used 23952K [0x00000006c9000000, 0x00000006d3580000, 0x000000076db00000)
  object space 169472K, 14% used [0x00000006c9000000,0x00000006ca764368,0x00000006d3580000)
 Metaspace       used 17195K, capacity 17408K, committed 17664K, reserved 1064960K
  class space    used 1903K, capacity 1978K, committed 2048K, reserved 1048576K
Event: 4.028 GC heap after
Heap after GC invocations=3 (full 0):
 PSYoungGen      total 74240K, used 10239K [0x000000076db00000, 0x0000000776c00000, 0x00000007c0000000)
  eden space 64000K, 0% used [0x000000076db00000,0x000000076db00000,0x0000000771980000)
  from space 10240K, 99% used [0x0000000771980000,0x000000077237fde0,0x0000000772380000)
  to   space 10240K, 0% used [0x0000000776200000,0x0000000776200000,0x0000000776c00000)
 ParOldGen       total 169472K, used 45161K [0x00000006c9000000, 0x00000006d3580000, 0x000000076db00000)
  object space 169472K, 26% used [0x00000006c9000000,0x00000006cbc1a488,0x00000006d3580000)
 Metaspace       used 17195K, capacity 17408K, committed 17664K, reserved 1064960K
  class space    used 1903K, capacity 1978K, committed 2048K, reserved 1048576K
}
Event: 4.525 GC heap before
{Heap before GC invocations=4 (full 0):
 PSYoungGen      total 74240K, used 74239K [0x000000076db00000, 0x0000000776c00000, 0x00000007c0000000)
  eden space 64000K, 100% used [0x000000076db00000,0x0000000771980000,0x0000000771980000)
  from space 10240K, 99% used [0x0000000771980000,0x000000077237fde0,0x0000000772380000)
  to   space 10240K, 0% used [0x0000000776200000,0x0000000776200000,0x0000000776c00000)
 ParOldGen       total 169472K, used 45161K [0x00000006c9000000, 0x00000006d3580000, 0x000000076db00000)
  object space 169472K, 26% used [0x00000006c9000000,0x00000006cbc1a488,0x00000006d3580000)
 Metaspace       used 17587K, capacity 17824K, committed 17920K, reserved 1064960K
  class space    used 1926K, capacity 2010K, committed 2048K, reserved 1048576K
Event: 4.580 GC heap after
Heap after GC invocations=4 (full 0):
 PSYoungGen      total 138240K, used 10217K [0x000000076db00000, 0x0000000776c00000, 0x00000007c0000000)
  eden space 128000K, 0% used [0x000000076db00000,0x000000076db00000,0x0000000775800000)
  from space 10240K, 99% used [0x0000000776200000,0x0000000776bfa520,0x0000000776c00000)
  to   space 10240K, 0% used [0x0000000775800000,0x0000000775800000,0x0000000776200000)
 ParOldGen       total 169472K, used 80654K [0x00000006c9000000, 0x00000006d3580000, 0x000000076db00000)
  object space 169472K, 47% used [0x00000006c9000000,0x00000006cdec3b00,0x00000006d3580000)
 Metaspace       used 17587K, capacity 17824K, committed 17920K, reserved 1064960K
  class space    used 1926K, capacity 2010K, committed 2048K, reserved 1048576K
}
Event: 5.181 GC heap before
{Heap before GC invocations=5 (full 0):
 PSYoungGen      total 138240K, used 138217K [0x000000076db00000, 0x0000000776c00000, 0x00000007c0000000)
  eden space 128000K, 100% used [0x000000076db00000,0x0000000775800000,0x0000000775800000)
  from space 10240K, 99% used [0x0000000776200000,0x0000000776bfa520,0x0000000776c00000)
  to   space 10240K, 0% used [0x0000000775800000,0x0000000775800000,0x0000000776200000)
 ParOldGen       total 169472K, used 80654K [0x00000006c9000000, 0x00000006d3580000, 0x000000076db00000)
  object space 169472K, 47% used [0x00000006c9000000,0x00000006cdec3b00,0x00000006d3580000)
 Metaspace       used 17707K, capacity 17952K, committed 18176K, reserved 1064960K
  class space    used 1929K, capacity 2010K, committed 2048K, reserved 1048576K
Event: 5.210 GC heap after
Heap after GC invocations=5 (full 0):
 PSYoungGen      total 138240K, used 10208K [0x000000076db00000, 0x0000000783d00000, 0x00000007c0000000)
  eden space 128000K, 0% used [0x000000076db00000,0x000000076db00000,0x0000000775800000)
  from space 10240K, 99% used [0x0000000775800000,0x00000007761f82f0,0x0000000776200000)
  to   space 53248K, 0% used [0x0000000780900000,0x0000000780900000,0x0000000783d00000)
 ParOldGen       total 169472K, used 82302K [0x00000006c9000000, 0x00000006d3580000, 0x000000076db00000)
  object space 169472K, 48% used [0x00000006c9000000,0x00000006ce05fa10,0x00000006d3580000)
 Metaspace       used 17707K, capacity 17952K, committed 18176K, reserved 1064960K
  class space    used 1929K, capacity 2010K, committed 2048K, reserved 1048576K
}
Event: 5.373 GC heap before
{Heap before GC invocations=6 (full 0):
 PSYoungGen      total 138240K, used 138208K [0x000000076db00000, 0x0000000783d00000, 0x00000007c0000000)
  eden space 128000K, 100% used [0x000000076db00000,0x0000000775800000,0x0000000775800000)
  from space 10240K, 99% used [0x0000000775800000,0x00000007761f82f0,0x0000000776200000)
  to   space 53248K, 0% used [0x0000000780900000,0x0000000780900000,0x0000000783d00000)
 ParOldGen       total 169472K, used 82302K [0x00000006c9000000, 0x00000006d3580000, 0x000000076db00000)
  object space 169472K, 48% used [0x00000006c9000000,0x00000006ce05fa10,0x00000006d3580000)
 Metaspace       used 17727K, capacity 17952K, committed 18176K, reserved 1064960K
  class space    used 1929K, capacity 2010K, committed 2048K, reserved 1048576K
Event: 5.392 GC heap after
Heap after GC invocations=6 (full 0):
 PSYoungGen      total 308224K, used 10604K [0x000000076db00000, 0x0000000783c00000, 0x00000007c0000000)
  eden space 256000K, 0% used [0x000000076db00000,0x000000076db00000,0x000000077d500000)
  from space 52224K, 20% used [0x0000000780900000,0x000000078135b358,0x0000000783c00000)
  to   space 52736K, 0% used [0x000000077d500000,0x000000077d500000,0x0000000780880000)
 ParOldGen       total 169472K, used 82310K [0x00000006c9000000, 0x00000006d3580000, 0x000000076db00000)
  object space 169472K, 48% used [0x00000006c9000000,0x00000006ce061a10,0x00000006d3580000)
 Metaspace       used 17727K, capacity 17952K, committed 18176K, reserved 1064960K
  class space    used 1929K, capacity 2010K, committed 2048K, reserved 1048576K
}
Event: 5.865 GC heap before
{Heap before GC invocations=7 (full 0):
 PSYoungGen      total 308224K, used 266604K [0x000000076db00000, 0x0000000783c00000, 0x00000007c0000000)
  eden space 256000K, 100% used [0x000000076db00000,0x000000077d500000,0x000000077d500000)
  from space 52224K, 20% used [0x0000000780900000,0x000000078135b358,0x0000000783c00000)
  to   space 52736K, 0% used [0x000000077d500000,0x000000077d500000,0x0000000780880000)
 ParOldGen       total 169472K, used 82310K [0x00000006c9000000, 0x00000006d3580000, 0x000000076db00000)
  object space 169472K, 48% used [0x00000006c9000000,0x00000006ce061a10,0x00000006d3580000)
 Metaspace       used 17769K, capacity 18016K, committed 18176K, reserved 1064960K
  class space    used 1934K, capacity 2010K, committed 2048K, reserved 1048576K

